<?xml version="1.0" encoding="UTF-8"?>
<!-- Generated by org.testng.reporters.JUnitReportReporter -->
<testsuite hostname="DESKTOP-2UCTLT0" name="com.browserstack.run_second_test.SecondTest" tests="1" failures="0" timestamp="31 Jul 2022 03:59:53 GMT" time="31.193" errors="0">
  <testcase name="test" time="31.193" classname="com.browserstack.run_second_test.SecondTest"/>
</testsuite> <!-- com.browserstack.run_second_test.SecondTest -->
