<?xml version="1.0" encoding="UTF-8"?>
<!-- Generated by org.testng.reporters.JUnitReportReporter -->
<testsuite hostname="DESKTOP-2UCTLT0" name="com.browserstack.run_first_test.FirstTest" tests="1" failures="0" timestamp="31 Jul 2022 02:51:26 GMT" time="34.206" errors="0">
  <testcase name="test" time="34.206" classname="com.browserstack.run_first_test.FirstTest"/>
</testsuite> <!-- com.browserstack.run_first_test.FirstTest -->
