<?xml version="1.0" encoding="UTF-8"?>
<!-- Generated by org.testng.reporters.JUnitReportReporter -->
<testsuite hostname="DESKTOP-2UCTLT0" name="com.browserstack.run_second_test.SecondTest" tests="1" failures="0" timestamp="4 Aug 2022 14:02:17 GMT" time="30.769" errors="0">
  <testcase name="test" time="30.769" classname="com.browserstack.run_second_test.SecondTest"/>
</testsuite> <!-- com.browserstack.run_second_test.SecondTest -->
